Info: ili2pg-3.6.1-20170120
Info: ili2c-4.6.1-20170109
Info: java.version 1.8.0_121
Info: user.name <adis2>
Info: maxMemory 253440 KB
Info: dbschema <npl23>
Info: dburl <jdbc:postgresql://192.168.12.12:5432/dbnplwis>
Info: dbusr <postgres>
Info: databaseProduct <PostgreSQL>
Info: databaseVersion <9.5.1>
Info: driverVersion <PostgreSQL 9.4.1208.jre6>
Info: postGISVersion <POSTGIS="2.3.2 r15302" GEOS="3.6.1-CAPI-1.10.1 r4317" SFCGAL="1.3.0" PROJ="Rel. 4.9.1, 04 March 2015" GDAL="GDAL 2.1.3, released 2017/20/01" LIBXML="2.7.8" LIBJSON="0.12" TOPOLOGY RASTER>
Info: compile models...
Info: lookup model <SO_Nutzungsplanung_20170901> in repository <jdbc:postgresql://192.168.12.12:5432/dbnplwis/npl23>
Info: lookup model <GeometryCHLV95_V1> 2.3 in repository <jdbc:postgresql://192.168.12.12:5432/dbnplwis/npl23>
Info: lookup model <CHAdminCodes_V1> 2.3 in repository <jdbc:postgresql://192.168.12.12:5432/dbnplwis/npl23>
Info: lookup model <InternationalCodes_V1> 2.3 in repository <jdbc:postgresql://192.168.12.12:5432/dbnplwis/npl23>
Info: lookup model <CoordSys> 2.3 in repository <jdbc:postgresql://192.168.12.12:5432/dbnplwis/npl23>
Info: lookup model <Units> 2.3 in repository <jdbc:postgresql://192.168.12.12:5432/dbnplwis/npl23>
Info: ilifile <C:\Users\adis2\.ilicache\jdbc&003apostgresql&003a\192.168.12.12&003a5432\dbnplwis\npl23\Units-20120220.ili>
Info: ilifile <C:\Users\adis2\.ilicache\jdbc&003apostgresql&003a\192.168.12.12&003a5432\dbnplwis\npl23\CHBase_Part2_LOCALISATION_20110830.ili>
Info: ilifile <C:\Users\adis2\.ilicache\jdbc&003apostgresql&003a\192.168.12.12&003a5432\dbnplwis\npl23\CoordSys-20151124.ili>
Info: ilifile <C:\Users\adis2\.ilicache\jdbc&003apostgresql&003a\192.168.12.12&003a5432\dbnplwis\npl23\CHBase_Part4_ADMINISTRATIVEUNITS_20110830.ili>
Info: ilifile <C:\Users\adis2\.ilicache\jdbc&003apostgresql&003a\192.168.12.12&003a5432\dbnplwis\npl23\CHBase_Part1_GEOMETRY_20110830.ili>
Info: ilifile <C:\Users\adis2\.ilicache\jdbc&003apostgresql&003a\192.168.12.12&003a5432\dbnplwis\npl23\SO_Nutzungsplanung_20170901.ili>
Info: process data...
Info: data <exp1_wis_20170926.xtf>
Info: SO_Nutzungsplanung_20170901.Rechtsvorschriften.Dokument...
Info: SO_Nutzungsplanung_20170901.Rechtsvorschriften.HinweisWeitereDokumente...
Info: SO_Nutzungsplanung_20170901.Rechtsvorschriften.Plandokument...
Info: SO_Nutzungsplanung_20170901.Nutzungsplanung.Typ_Grundnutzung...
Info: SO_Nutzungsplanung_20170901.Nutzungsplanung.Typ_Grundnutzung_Dokument...
Info: SO_Nutzungsplanung_20170901.Nutzungsplanung.Grundnutzung...
Info: SO_Nutzungsplanung_20170901.Nutzungsplanung.Grundnutzung_Pos...
Info: SO_Nutzungsplanung_20170901.Nutzungsplanung.Typ_Ueberlagernd_Flaeche...
Info: SO_Nutzungsplanung_20170901.Nutzungsplanung.Typ_Ueberlagernd_Flaeche_Dokument...
Info: SO_Nutzungsplanung_20170901.Nutzungsplanung.Ueberlagernd_Flaeche...
Info: SO_Nutzungsplanung_20170901.Nutzungsplanung.Ueberlagernd_Flaeche_Pos...
Info: SO_Nutzungsplanung_20170901.Nutzungsplanung.Typ_Ueberlagernd_Linie...
Info: SO_Nutzungsplanung_20170901.Nutzungsplanung.Typ_Ueberlagernd_Linie_Dokument...
Info: SO_Nutzungsplanung_20170901.Nutzungsplanung.Ueberlagernd_Linie...
Info: SO_Nutzungsplanung_20170901.Nutzungsplanung.Ueberlagernd_Linie_Pos...
Info: SO_Nutzungsplanung_20170901.Nutzungsplanung.Typ_Ueberlagernd_Punkt...
Info: SO_Nutzungsplanung_20170901.Nutzungsplanung.Typ_Ueberlagernd_Punkt_Dokument...
Info: SO_Nutzungsplanung_20170901.Nutzungsplanung.Ueberlagernd_Punkt...
Info: SO_Nutzungsplanung_20170901.Nutzungsplanung.Ueberlagernd_Punkt_Pos...
Info: SO_Nutzungsplanung_20170901.Erschliessungsplanung.Typ_Erschliessung_Flaechenobjekt...
Info: SO_Nutzungsplanung_20170901.Erschliessungsplanung.Typ_Erschliessung_Flaechenobjekt_Dokument...
Info: SO_Nutzungsplanung_20170901.Erschliessungsplanung.Erschliessung_Flaechenobjekt...
Info: SO_Nutzungsplanung_20170901.Erschliessungsplanung.Erschliessung_Flaechenobjekt_Pos...
Info: SO_Nutzungsplanung_20170901.Erschliessungsplanung.Typ_Erschliessung_Linienobjekt...
Info: SO_Nutzungsplanung_20170901.Erschliessungsplanung.Typ_Erschliessung_Linienobjekt_Dokument...
Info: SO_Nutzungsplanung_20170901.Erschliessungsplanung.Erschliessung_Linienobjekt...
Info: SO_Nutzungsplanung_20170901.Erschliessungsplanung.Erschliessung_Linienobjekt_Pos...
Info: SO_Nutzungsplanung_20170901.Erschliessungsplanung.Typ_Erschliessung_Punktobjekt...
Info: SO_Nutzungsplanung_20170901.Erschliessungsplanung.Typ_Erschliessung_Punktobjekt_Dokument...
Info: SO_Nutzungsplanung_20170901.Erschliessungsplanung.Erschliessung_Punktobjekt...
Info: SO_Nutzungsplanung_20170901.Erschliessungsplanung.Erschliessung_Punktobjekt_Pos...
Info: SO_Nutzungsplanung_20170901.Verfahrenstand.VS_Perimeter_Verfahrensstand...
Info: SO_Nutzungsplanung_20170901.Verfahrenstand.VS_Perimeter_Pos...
Info: SO_Nutzungsplanung_20170901.TransferMetadaten.Amt...
Info: SO_Nutzungsplanung_20170901.TransferMetadaten.Datenbestand...
Info: exp1_wis_20170926.xtf: SO_Nutzungsplanung_20170901.Erschliessungsplanung BID=SO_Nutzungsplanung_20170901.Erschliessungsplanung
Info:      40 objects in CLASS SO_Nutzungsplanung_20170901.Erschliessungsplanung.Erschliessung_Flaechenobjekt
Info:     142 objects in CLASS SO_Nutzungsplanung_20170901.Erschliessungsplanung.Erschliessung_Linienobjekt
Info:       4 objects in CLASS SO_Nutzungsplanung_20170901.Erschliessungsplanung.Erschliessung_Punktobjekt
Info:       8 objects in CLASS SO_Nutzungsplanung_20170901.Erschliessungsplanung.Typ_Erschliessung_Flaechenobjekt
Info:      18 objects in CLASS SO_Nutzungsplanung_20170901.Erschliessungsplanung.Typ_Erschliessung_Flaechenobjekt_Dokument
Info:       7 objects in CLASS SO_Nutzungsplanung_20170901.Erschliessungsplanung.Typ_Erschliessung_Linienobjekt
Info:      16 objects in CLASS SO_Nutzungsplanung_20170901.Erschliessungsplanung.Typ_Erschliessung_Linienobjekt_Dokument
Info:       2 objects in CLASS SO_Nutzungsplanung_20170901.Erschliessungsplanung.Typ_Erschliessung_Punktobjekt
Info:       4 objects in CLASS SO_Nutzungsplanung_20170901.Erschliessungsplanung.Typ_Erschliessung_Punktobjekt_Dokument
Info: exp1_wis_20170926.xtf: SO_Nutzungsplanung_20170901.Nutzungsplanung BID=SO_Nutzungsplanung_20170901.Nutzungsplanung
Info:     297 objects in CLASS SO_Nutzungsplanung_20170901.Nutzungsplanung.Grundnutzung
Info:      64 objects in CLASS SO_Nutzungsplanung_20170901.Nutzungsplanung.Grundnutzung_Pos
Info:      15 objects in CLASS SO_Nutzungsplanung_20170901.Nutzungsplanung.Typ_Grundnutzung
Info:      11 objects in CLASS SO_Nutzungsplanung_20170901.Nutzungsplanung.Typ_Grundnutzung_Dokument
Info:      18 objects in CLASS SO_Nutzungsplanung_20170901.Nutzungsplanung.Typ_Ueberlagernd_Flaeche
Info:      10 objects in CLASS SO_Nutzungsplanung_20170901.Nutzungsplanung.Typ_Ueberlagernd_Flaeche_Dokument
Info:       3 objects in CLASS SO_Nutzungsplanung_20170901.Nutzungsplanung.Typ_Ueberlagernd_Linie
Info:       1 objects in CLASS SO_Nutzungsplanung_20170901.Nutzungsplanung.Typ_Ueberlagernd_Punkt
Info:       1 objects in CLASS SO_Nutzungsplanung_20170901.Nutzungsplanung.Typ_Ueberlagernd_Punkt_Dokument
Info:     224 objects in CLASS SO_Nutzungsplanung_20170901.Nutzungsplanung.Ueberlagernd_Flaeche
Info:       9 objects in CLASS SO_Nutzungsplanung_20170901.Nutzungsplanung.Ueberlagernd_Flaeche_Pos
Info:      33 objects in CLASS SO_Nutzungsplanung_20170901.Nutzungsplanung.Ueberlagernd_Linie
Info:       9 objects in CLASS SO_Nutzungsplanung_20170901.Nutzungsplanung.Ueberlagernd_Punkt
Info: exp1_wis_20170926.xtf: SO_Nutzungsplanung_20170901.Rechtsvorschriften BID=SO_Nutzungsplanung_20170901.Rechtsvorschriften
Info:      16 objects in CLASS SO_Nutzungsplanung_20170901.Rechtsvorschriften.Dokument
Info:       6 objects in CLASS SO_Nutzungsplanung_20170901.Rechtsvorschriften.HinweisWeitereDokumente
Info:       5 objects in CLASS SO_Nutzungsplanung_20170901.Rechtsvorschriften.Plandokument
Info: exp1_wis_20170926.xtf: SO_Nutzungsplanung_20170901.TransferMetadaten BID=SO_Nutzungsplanung_20170901.TransferMetadaten
Info:       1 objects in CLASS SO_Nutzungsplanung_20170901.TransferMetadaten.Amt
Info:       1 objects in CLASS SO_Nutzungsplanung_20170901.TransferMetadaten.Datenbestand
Info: exp1_wis_20170926.xtf: SO_Nutzungsplanung_20170901.Verfahrenstand BID=SO_Nutzungsplanung_20170901.Verfahrenstand
Info: ...export done
