Info: ilivalidator-1.4.0-20170824
Info: ili2c-4.7.3-20170524
Info: iox-ili-1.19.6-master-20170824
Info: maxMemory 5592576 KB
Info: xtfFile <exp1_wis_20170926_umbau.xtf>
Info: pluginFolder </Users/stefan/apps/ilivalidator-1.4.0/plugins>
Info: ilidirs <%ITF_DIR;http://models.interlis.ch/;%JAR_DIR/ilimodels>
Info: lookup model <SO_Nutzungsplanung_20170915> in repository </Users/stefan/Projekte/nplso-umbau-modell>
Info: lookup model <GeometryCHLV95_V1> 2.3 in repository </Users/stefan/Projekte/nplso-umbau-modell>
Info: lookup model <GeometryCHLV95_V1> 2.3 in repository <http://models.interlis.ch/>
Info: lookup model <GeometryCHLV95_V1> 2.3 in repository </Users/stefan/apps/ilivalidator-1.4.0/ilimodels>
Warning: Folder /Users/stefan/apps/ilivalidator-1.4.0/ilimodels doesn't exist; ignored
Info: lookup model <GeometryCHLV95_V1> 2.3 in repository <http://models.geo.admin.ch>
Info: lookup model <CHAdminCodes_V1> 2.3 in repository </Users/stefan/Projekte/nplso-umbau-modell>
Info: lookup model <CHAdminCodes_V1> 2.3 in repository <http://models.interlis.ch/>
Info: lookup model <CHAdminCodes_V1> 2.3 in repository </Users/stefan/apps/ilivalidator-1.4.0/ilimodels>
Info: lookup model <CHAdminCodes_V1> 2.3 in repository <http://models.geo.admin.ch>
Info: lookup model <InternationalCodes_V1> 2.3 in repository </Users/stefan/Projekte/nplso-umbau-modell>
Info: lookup model <InternationalCodes_V1> 2.3 in repository <http://models.interlis.ch/>
Info: lookup model <InternationalCodes_V1> 2.3 in repository </Users/stefan/apps/ilivalidator-1.4.0/ilimodels>
Info: lookup model <InternationalCodes_V1> 2.3 in repository <http://models.geo.admin.ch>
Info: lookup model <CoordSys> 2.3 in repository </Users/stefan/Projekte/nplso-umbau-modell>
Info: lookup model <CoordSys> 2.3 in repository <http://models.interlis.ch/>
Info: lookup model <Units> 2.3 in repository </Users/stefan/Projekte/nplso-umbau-modell>
Info: lookup model <Units> 2.3 in repository <http://models.interlis.ch/>
Info: ilifile </Users/stefan/.ilicache/models.interlis.ch/refhb23/Units-20120220.ili>
Info: ilifile </Users/stefan/.ilicache/models.geo.admin.ch/CH/CHBase_Part2_LOCALISATION_20110830.ili>
Info: ilifile </Users/stefan/.ilicache/models.interlis.ch/refhb23/CoordSys-20151124.ili>
Info: ilifile </Users/stefan/.ilicache/models.geo.admin.ch/CH/CHBase_Part4_ADMINISTRATIVEUNITS_20110830.ili>
Info: ilifile </Users/stefan/.ilicache/models.geo.admin.ch/CH/CHBase_Part1_GEOMETRY_20110830.ili>
Info: ilifile </Users/stefan/Projekte/nplso-umbau-modell/SO_Nutzungsplanung_20170915.ili>
Info: validate data...
Info: assume unknown/external objects
Info: first validation pass...
Info: validate unique constraint SO_Nutzungsplanung_20170915.Nutzungsplanung.Typ_Grundnutzung.Constraint1...
Info: validate unique constraint SO_Nutzungsplanung_20170915.Nutzungsplanung.Typ_Ueberlagernd_Flaeche.Constraint1...
Info: validate unique constraint SO_Nutzungsplanung_20170915.Nutzungsplanung.Typ_Ueberlagernd_Linie.Constraint1...
Info: validate unique constraint SO_Nutzungsplanung_20170915.Nutzungsplanung.Typ_Ueberlagernd_Punkt.Constraint1...
Info: validate unique constraint SO_Nutzungsplanung_20170915.Erschliessungsplanung.Typ_Erschliessung_Flaechenobjekt.Constraint1...
Info: validate unique constraint SO_Nutzungsplanung_20170915.Erschliessungsplanung.Typ_Erschliessung_Linienobjekt.Constraint1...
Info: second validation pass...
Info: validate multiplicity of role SO_Nutzungsplanung_20170915.Rechtsvorschriften.HinweisWeitereDokumente.Ursprung...
Info: validate multiplicity of role SO_Nutzungsplanung_20170915.Rechtsvorschriften.HinweisWeitereDokumente.Hinweis...
Info: validate target of role SO_Nutzungsplanung_20170915.Rechtsvorschriften.HinweisWeitereDokumente.Ursprung...
Info: validate target of role SO_Nutzungsplanung_20170915.Rechtsvorschriften.HinweisWeitereDokumente.Hinweis...
Info: validate target of role SO_Nutzungsplanung_20170915.TransferMetadaten.zustStelle_Daten.Amt...
Info: validate multiplicity of role SO_Nutzungsplanung_20170915.TransferMetadaten.zustStelle_Daten.Amt...
Info: validate multiplicity of role SO_Nutzungsplanung_20170915.TransferMetadaten.zustStelle_Daten.Datenbestand...
Info: validate target of role SO_Nutzungsplanung_20170915.Nutzungsplanung.Dokument_Grundnutzung.Dokument...
Info: validate target of role SO_Nutzungsplanung_20170915.Nutzungsplanung.Typ_Grundnutzung_Grundnutzung.Typ_Grundnutzung...
Info: validate multiplicity of role SO_Nutzungsplanung_20170915.Nutzungsplanung.Typ_Grundnutzung_Grundnutzung.Typ_Grundnutzung...
Info: validate multiplicity of role SO_Nutzungsplanung_20170915.Nutzungsplanung.Grundnutzung_Grundnutzung_Pos.Grundnutzung_Pos...
Info: validate multiplicity of role SO_Nutzungsplanung_20170915.Nutzungsplanung.Dokument_Grundnutzung.Dokument...
Info: validate target of role SO_Nutzungsplanung_20170915.Nutzungsplanung.Dokument_Ueberlagernd_Punkt.Dokument...
Info: validate target of role SO_Nutzungsplanung_20170915.Nutzungsplanung.Typ_Ueberlagernd_Punkt_Punkt.Typ_Ueberlagernd_Punkt...
Info: validate multiplicity of role SO_Nutzungsplanung_20170915.Nutzungsplanung.Ueberlagernd_Punkt_Punkt_Pos.Ueberlagernd_Punkt_Pos...
Info: validate multiplicity of role SO_Nutzungsplanung_20170915.Nutzungsplanung.Dokument_Ueberlagernd_Punkt.Dokument...
Info: validate multiplicity of role SO_Nutzungsplanung_20170915.Nutzungsplanung.Typ_Ueberlagernd_Punkt_Punkt.Typ_Ueberlagernd_Punkt...
Info: validate target of role SO_Nutzungsplanung_20170915.Nutzungsplanung.Dokument_Ueberlagernd_Flaeche.Dokument...
Info: validate target of role SO_Nutzungsplanung_20170915.Nutzungsplanung.Plandokument_Ueberlagernd_Flaeche.Plandokument...
Info: validate target of role SO_Nutzungsplanung_20170915.Nutzungsplanung.Typ_Ueberlagernd_Flaeche_Flaeche.Typ_Ueberlagernd_Flaeche...
Info: validate multiplicity of role SO_Nutzungsplanung_20170915.Nutzungsplanung.Typ_Ueberlagernd_Flaeche_Flaeche.Typ_Ueberlagernd_Flaeche...
Info: validate multiplicity of role SO_Nutzungsplanung_20170915.Nutzungsplanung.Ueberlagernd_Flaeche_Flaeche_Pos.Ueberlagernd_Flaeche_Pos...
Info: validate multiplicity of role SO_Nutzungsplanung_20170915.Nutzungsplanung.Plandokument_Ueberlagernd_Flaeche.Plandokument...
Info: validate multiplicity of role SO_Nutzungsplanung_20170915.Nutzungsplanung.Dokument_Ueberlagernd_Flaeche.Dokument...
Info: validate target of role SO_Nutzungsplanung_20170915.Nutzungsplanung.Grundnutzung_Grundnutzung_Pos.Grundnutzung...
Info: validate multiplicity of role SO_Nutzungsplanung_20170915.Nutzungsplanung.Grundnutzung_Grundnutzung_Pos.Grundnutzung...
Info: validate target of role SO_Nutzungsplanung_20170915.Nutzungsplanung.Dokument_Ueberlagernd_Linie.Dokument...
Info: validate target of role SO_Nutzungsplanung_20170915.Nutzungsplanung.Typ_Ueberlagernd_Linie_Linie.Typ_Ueberlagernd_Linie...
Info: validate multiplicity of role SO_Nutzungsplanung_20170915.Nutzungsplanung.Ueberlagernd_Linie_Linie_Pos.Ueberlagernd_Linie_Pos...
Info: validate multiplicity of role SO_Nutzungsplanung_20170915.Nutzungsplanung.Dokument_Ueberlagernd_Linie.Dokument...
Info: validate multiplicity of role SO_Nutzungsplanung_20170915.Nutzungsplanung.Typ_Ueberlagernd_Linie_Linie.Typ_Ueberlagernd_Linie...
Info: validate multiplicity of role SO_Nutzungsplanung_20170915.Nutzungsplanung.Typ_Grundnutzung_Dokument.Dokument...
Info: validate multiplicity of role SO_Nutzungsplanung_20170915.Nutzungsplanung.Typ_Grundnutzung_Grundnutzung.Grundnutzung...
Info: validate multiplicity of role SO_Nutzungsplanung_20170915.Nutzungsplanung.Typ_Ueberlagernd_Flaeche_Dokument.Dokument...
Info: validate multiplicity of role SO_Nutzungsplanung_20170915.Nutzungsplanung.Typ_Ueberlagernd_Flaeche_Flaeche.Ueberlagernd_Flaeche...
Info: validate target of role SO_Nutzungsplanung_20170915.Nutzungsplanung.Ueberlagernd_Flaeche_Flaeche_Pos.Ueberlagernd_Flaeche...
Info: validate multiplicity of role SO_Nutzungsplanung_20170915.Nutzungsplanung.Ueberlagernd_Flaeche_Flaeche_Pos.Ueberlagernd_Flaeche...
Info: validate target of role SO_Nutzungsplanung_20170915.Nutzungsplanung.Typ_Grundnutzung_Dokument.Typ_Grundnutzung...
Info: validate target of role SO_Nutzungsplanung_20170915.Nutzungsplanung.Typ_Grundnutzung_Dokument.Dokument...
Info: validate target of role SO_Nutzungsplanung_20170915.Nutzungsplanung.Typ_Ueberlagernd_Flaeche_Dokument.Typ_Ueberlagernd_Flaeche...
Info: validate target of role SO_Nutzungsplanung_20170915.Nutzungsplanung.Typ_Ueberlagernd_Flaeche_Dokument.Dokument...
Info: validate target of role SO_Nutzungsplanung_20170915.Nutzungsplanung.Typ_Ueberlagernd_Punkt_Dokument.Typ_Ueberlagernd_Punkt...
Info: validate target of role SO_Nutzungsplanung_20170915.Nutzungsplanung.Typ_Ueberlagernd_Punkt_Dokument.Dokument...
Info: validate multiplicity of role SO_Nutzungsplanung_20170915.Nutzungsplanung.Typ_Ueberlagernd_Linie_Dokument.Dokument...
Info: validate multiplicity of role SO_Nutzungsplanung_20170915.Nutzungsplanung.Typ_Ueberlagernd_Linie_Linie.Ueberlagernd_Linie...
Info: validate multiplicity of role SO_Nutzungsplanung_20170915.Nutzungsplanung.Typ_Ueberlagernd_Punkt_Punkt.Ueberlagernd_Punkt...
Info: validate multiplicity of role SO_Nutzungsplanung_20170915.Nutzungsplanung.Typ_Ueberlagernd_Punkt_Dokument.Dokument...
Info: validate target of role SO_Nutzungsplanung_20170915.Erschliessungsplanung.Typ_Erschliessung_Flaechenobjekt_Flaeche.Typ_Erschliessung_Flaechenobjekt...
Info: validate multiplicity of role SO_Nutzungsplanung_20170915.Erschliessungsplanung.Erschliessung_Flaechenobjekt_Flaeche_Pos.Erschliessung_Flaechenobjekt_Pos...
Info: validate multiplicity of role SO_Nutzungsplanung_20170915.Erschliessungsplanung.Typ_Erschliessung_Flaechenobjekt_Flaeche.Typ_Erschliessung_Flaechenobjekt...
Info: validate target of role SO_Nutzungsplanung_20170915.Erschliessungsplanung.Typ_Erschliessung_Linienobjekt_Linie.Typ_Erschliessung_Linienobjekt...
Info: validate multiplicity of role SO_Nutzungsplanung_20170915.Erschliessungsplanung.Typ_Erschliessung_Linienobjekt_Linie.Typ_Erschliessung_Linienobjekt...
Info: validate multiplicity of role SO_Nutzungsplanung_20170915.Erschliessungsplanung.Erschliessung_Linienobjekt_Linie_Pos.Erschliessung_Linienobjekt_Pos...
Info: validate target of role SO_Nutzungsplanung_20170915.Erschliessungsplanung.Typ_Erschliessung_Flaechenobjekt_Dokument.Typ_Erschliessung_Flaechenobjekt...
Info: validate target of role SO_Nutzungsplanung_20170915.Erschliessungsplanung.Typ_Erschliessung_Flaechenobjekt_Dokument.Dokument...
Info: validate target of role SO_Nutzungsplanung_20170915.Erschliessungsplanung.Typ_Erschliessung_Linienobjekt_Dokument.Typ_Erschliessung_Linienobjekt...
Info: validate target of role SO_Nutzungsplanung_20170915.Erschliessungsplanung.Typ_Erschliessung_Linienobjekt_Dokument.Dokument...
Info: validate multiplicity of role SO_Nutzungsplanung_20170915.Erschliessungsplanung.Typ_Erschliessung_Flaechenobjekt_Dokument.Dokument...
Info: validate multiplicity of role SO_Nutzungsplanung_20170915.Erschliessungsplanung.Typ_Erschliessung_Flaechenobjekt_Flaeche.Erschliessung_Flaechenobjekt...
Info: validate target of role SO_Nutzungsplanung_20170915.Erschliessungsplanung.Typ_Erschliessung_Punktobjekt_Punkt.Typ_Erschliessung_Punktobjekt...
Info: validate multiplicity of role SO_Nutzungsplanung_20170915.Erschliessungsplanung.Typ_Erschliessung_Punktobjekt_Punkt.Typ_Erschliessung_Punktobjekt...
Info: validate multiplicity of role SO_Nutzungsplanung_20170915.Erschliessungsplanung.Erschliessung_Punktobjekt_Punkt_Pos.Erschliessung_Punktobjekt_Pos...
Info: validate multiplicity of role SO_Nutzungsplanung_20170915.Erschliessungsplanung.Typ_Erschliessung_Linienobjekt_Linie.Erschliessung_Linienobjekt...
Info: validate multiplicity of role SO_Nutzungsplanung_20170915.Erschliessungsplanung.Typ_Erschliessung_Linienobjekt_Dokument.Dokument...
Info: validate target of role SO_Nutzungsplanung_20170915.Erschliessungsplanung.Typ_Erschliessung_Punktobjekt_Dokument.Typ_Erschliessung_Punktobjekt...
Info: validate target of role SO_Nutzungsplanung_20170915.Erschliessungsplanung.Typ_Erschliessung_Punktobjekt_Dokument.Dokument...
Info: validate multiplicity of role SO_Nutzungsplanung_20170915.Erschliessungsplanung.Typ_Erschliessung_Punktobjekt_Dokument.Dokument...
Info: validate multiplicity of role SO_Nutzungsplanung_20170915.Erschliessungsplanung.Typ_Erschliessung_Punktobjekt_Punkt.Erschliessung_Punktobjekt...
Info: validate AREA SO_Nutzungsplanung_20170915.Nutzungsplanung.Grundnutzung.Geometrie...
Info: ...validation done
